This is pdfTeX, Version 3.1415926-1.40.10 (TeX Live 2009/Debian) (format=latex 2011.11.2)  11 APR 2012 20:16
entering extended mode
 %&-line parsing enabled.
**upsh-manual.ltx
(./upsh-manual.ltx
LaTeX2e <2009/09/24>
Babel <v3.8l> and hyphenation patterns for english, usenglishmax, dumylang, noh
yphenation, ibycus, monogreek, greek, ancientgreek, loaded.
(/usr/local/users/nicos/local/share/latex/llncs2e/llncs.cls
Document Class: llncs 2010/07/12 v2.17 
 LaTeX document class for Lecture Notes in Computer Science
(/usr/share/texmf-texlive/tex/latex/base/article.cls
Document Class: article 2007/10/19 v1.4h Standard LaTeX document class
(/usr/share/texmf-texlive/tex/latex/base/size10.clo
File: size10.clo 2007/10/19 v1.4h Standard LaTeX file (size option)
)
\c@part=\count79
\c@section=\count80
\c@subsection=\count81
\c@subsubsection=\count82
\c@paragraph=\count83
\c@subparagraph=\count84
\c@figure=\count85
\c@table=\count86
\abovecaptionskip=\skip41
\belowcaptionskip=\skip42
\bibindent=\dimen102
)
(/usr/share/texmf-texlive/tex/latex/tools/multicol.sty
Package: multicol 2008/12/05 v1.6h multicolumn formatting (FMi)
\c@tracingmulticols=\count87
\mult@box=\box26
\multicol@leftmargin=\dimen103
\c@unbalance=\count88
\c@collectmore=\count89
\doublecol@number=\count90
\multicoltolerance=\count91
\multicolpretolerance=\count92
\full@width=\dimen104
\page@free=\dimen105
\premulticols=\dimen106
\postmulticols=\dimen107
\multicolsep=\skip43
\multicolbaselineskip=\skip44
\partial@page=\box27
\last@line=\box28
\mult@rightbox=\box29
\mult@grightbox=\box30
\mult@gfirstbox=\box31
\mult@firstbox=\box32
\@tempa=\box33
\@tempa=\box34
\@tempa=\box35
\@tempa=\box36
\@tempa=\box37
\@tempa=\box38
\@tempa=\box39
\@tempa=\box40
\@tempa=\box41
\@tempa=\box42
\@tempa=\box43
\@tempa=\box44
\@tempa=\box45
\@tempa=\box46
\@tempa=\box47
\@tempa=\box48
\@tempa=\box49
\c@columnbadness=\count93
\c@finalcolumnbadness=\count94
\last@try=\dimen108
\multicolovershoot=\dimen109
\multicolundershoot=\dimen110
\mult@nat@firstbox=\box50
\colbreak@box=\box51
)
(/usr/share/texmf-texlive/tex/latex/oberdiek/aliascnt.sty
Package: aliascnt 2009/09/08 v1.3 Alias counter (HO)

(/usr/share/texmf-texlive/tex/latex/carlisle/remreset.sty))
\c@chapter=\count95
LaTeX Font Info:    Redeclaring math symbol \Gamma on input line 362.
LaTeX Font Info:    Redeclaring math symbol \Delta on input line 363.
LaTeX Font Info:    Redeclaring math symbol \Theta on input line 364.
LaTeX Font Info:    Redeclaring math symbol \Lambda on input line 365.
LaTeX Font Info:    Redeclaring math symbol \Xi on input line 366.
LaTeX Font Info:    Redeclaring math symbol \Pi on input line 367.
LaTeX Font Info:    Redeclaring math symbol \Sigma on input line 368.
LaTeX Font Info:    Redeclaring math symbol \Upsilon on input line 369.
LaTeX Font Info:    Redeclaring math symbol \Phi on input line 370.
LaTeX Font Info:    Redeclaring math symbol \Psi on input line 371.
LaTeX Font Info:    Redeclaring math symbol \Omega on input line 372.
\tocchpnum=\dimen111
\tocsecnum=\dimen112
\tocsectotal=\dimen113
\tocsubsecnum=\dimen114
\tocsubsectotal=\dimen115
\tocsubsubsecnum=\dimen116
\tocsubsubsectotal=\dimen117
\tocparanum=\dimen118
\tocparatotal=\dimen119
\tocsubparanum=\dimen120
\@tempcntc=\count96
\fnindent=\dimen121
\c@@inst=\count97
\c@@auth=\count98
\c@auco=\count99
\instindent=\dimen122
\authrun=\box52
\authorrunning=\toks14
\tocauthor=\toks15
\titrun=\box53
\titlerunning=\toks16
\toctitle=\toks17
\c@theorem=\count100
\c@case=\count101
\c@conjecture=\count102
\c@corollary=\count103
\c@definition=\count104
\c@example=\count105
\c@exercise=\count106
\c@lemma=\count107
\c@note=\count108
\c@problem=\count109
\c@property=\count110
\c@proposition=\count111
\c@question=\count112
\c@solution=\count113
\c@remark=\count114
\headlineindent=\dimen123
)
(/usr/share/texmf-texlive/tex/latex/graphics/graphicx.sty
Package: graphicx 1999/02/16 v1.0f Enhanced LaTeX Graphics (DPC,SPQR)

(/usr/share/texmf-texlive/tex/latex/graphics/keyval.sty
Package: keyval 1999/03/16 v1.13 key=value parser (DPC)
\KV@toks@=\toks18
)
(/usr/share/texmf-texlive/tex/latex/graphics/graphics.sty
Package: graphics 2009/02/05 v1.0o Standard LaTeX Graphics (DPC,SPQR)

(/usr/share/texmf-texlive/tex/latex/graphics/trig.sty
Package: trig 1999/03/16 v1.09 sin cos tan (DPC)
)
(/etc/texmf/tex/latex/config/graphics.cfg
File: graphics.cfg 2009/08/28 v1.8 graphics configuration of TeX Live
)
Package graphics Info: Driver file: dvips.def on input line 91.

(/usr/share/texmf-texlive/tex/latex/graphics/dvips.def
File: dvips.def 1999/02/16 v3.0i Driver-dependant file (DPC,SPQR)
))
\Gin@req@height=\dimen124
\Gin@req@width=\dimen125
)
(/usr/share/texmf-texlive/tex/latex/ltxmisc/url.sty
\Urlmuskip=\muskip10
Package: url 2006/04/12  ver 3.3  Verb mode for urls, etc.
)
(/usr/share/texmf-texlive/tex/latex/footmisc/footmisc.sty
Package: footmisc 2009/09/15 v5.5a a miscellany of footnote facilities
\FN@temptoken=\toks19
\footnotemargin=\dimen126
\c@pp@next@reset=\count115
Package footmisc Info: Declaring symbol style bringhurst on input line 855.
Package footmisc Info: Declaring symbol style chicago on input line 863.
Package footmisc Info: Declaring symbol style wiley on input line 872.
Package footmisc Info: Declaring symbol style lamport-robust on input line 883.

Package footmisc Info: Declaring symbol style lamport* on input line 903.
Package footmisc Info: Declaring symbol style lamport*-robust on input line 924
.
) (./upsh-manual.aux)
\openout1 = `upsh-manual.aux'.

LaTeX Font Info:    Checking defaults for OML/cmm/m/it on input line 30.
LaTeX Font Info:    ... okay on input line 30.
LaTeX Font Info:    Checking defaults for T1/cmr/m/n on input line 30.
LaTeX Font Info:    ... okay on input line 30.
LaTeX Font Info:    Checking defaults for OT1/cmr/m/n on input line 30.
LaTeX Font Info:    ... okay on input line 30.
LaTeX Font Info:    Checking defaults for OMS/cmsy/m/n on input line 30.
LaTeX Font Info:    ... okay on input line 30.
LaTeX Font Info:    Checking defaults for OMX/cmex/m/n on input line 30.
LaTeX Font Info:    ... okay on input line 30.
LaTeX Font Info:    Checking defaults for U/cmr/m/n on input line 30.
LaTeX Font Info:    ... okay on input line 30.
LaTeX Font Info:    External font `cmex10' loaded for size
(Font)              <14.4> on input line 32.
LaTeX Font Info:    External font `cmex10' loaded for size
(Font)              <7> on input line 32.
LaTeX Font Info:    Try loading font information for OMS+cmr on input line 32.

(/usr/share/texmf-texlive/tex/latex/base/omscmr.fd
File: omscmr.fd 1999/05/25 v2.5h Standard LaTeX font definitions
)
LaTeX Font Info:    Font shape `OMS/cmr/m/n' in size <10> not available
(Font)              Font shape `OMS/cmsy/m/n' tried instead on input line 32.
LaTeX Font Info:    External font `cmex10' loaded for size
(Font)              <9> on input line 32.
LaTeX Font Info:    External font `cmex10' loaded for size
(Font)              <6> on input line 32.
LaTeX Font Info:    External font `cmex10' loaded for size
(Font)              <5> on input line 32.
LaTeX Font Info:    Font shape `OMS/cmr/m/n' in size <6> not available
(Font)              Font shape `OMS/cmsy/m/n' tried instead on input line 32.
 [1

]
File: figs/state.eps Graphic file (type eps)
 <figs/state.eps>
[2] [3]
Overfull \hbox (6.25171pt too wide) in paragraph at lines 242--252
\OML/cmm/m/it/10 Value\OT1/cmr/m/n/10 1\OML/cmm/m/it/10 ; [] ; ValueN$ \OT1/cmr
/m/n/10 trans-late to the term struc-ture $\OML/cmm/m/it/10 Name\OT1/cmr/m/n/10
 (\OML/cmm/m/it/10 Value\OT1/cmr/m/n/10 1\OML/cmm/m/it/10 ; [] ; ValueN\OT1/cmr
/m/n/10 )$.
 []

(./figs/say.tex) [4]
Overfull \hbox (6.88203pt too wide) in paragraph at lines 272--278
[]\OT1/cmr/m/n/10 % \OT1/cmtt/m/n/10 upsh say fst sec=a1 trd=n1=a2,a3 fo=n2=n3=
x::7 atm=V - V h V 
 []


Underfull \hbox (badness 10000) in paragraph at lines 272--278

 []

[5]
Overfull \hbox (17.38194pt too wide) in paragraph at lines 303--309
[]\OT1/cmr/m/n/10 % \OT1/cmtt/m/n/10 upsh say lst=f,nest=n1,l3=m1:n2,s,lst=t,at
m=m:g=i,trm='c-a(b)' 
 []

LaTeX Font Info:    Try loading font information for OMS+cmtt on input line 316
.
LaTeX Font Info:    No file OMScmtt.fd. on input line 316.

LaTeX Font Warning: Font shape `OMS/cmtt/m/n' undefined
(Font)              using `OMS/cmsy/m/n' instead
(Font)              for symbol `textbraceleft' on input line 316.


Overfull \hbox (25.34596pt too wide) in paragraph at lines 314--325
\OT1/cmtt/m/n/10 upsh \OMS/cmtt/m/n/10 f\OT1/cmtt/m/n/10 h,v\OMS/cmtt/m/n/10 g[
]\OT1/cmtt/m/n/10 ~ \OMS/cmtt/m/n/10 f\OT1/cmtt/m/n/10 (c),s\OMS/cmtt/m/n/10 g 
\OT1/cmtt/m/n/10 [a,b,d,e/1,f/1,l/1,o,p,r,w] - Program [Args]*  \OT1/cmr/m/n/10
 Curly
 []

(./figs/upsh-help.tex
Overfull \hbox (7.24734pt too wide) in paragraph at lines 32--32
[]\OT1/cmtt/m/n/9 usage: upsh {h,v}~ {(c),s} [a,b,e/1,f/1,d/1,l/1,o,p,r,w] - Pr
ogram [Args]*.[] 
 []


Overfull \hbox (49.77185pt too wide) in paragraph at lines 32--32
[]        \OT1/cmtt/m/n/9 f   : name of functor for entry-goal (default: <Progr
am>/1,0 then main/1,0),[] 
 []


Overfull \hbox (73.39658pt too wide) in paragraph at lines 32--32
[]        \OT1/cmtt/m/n/9 l/1 : method of loading: the def co(m)pile, co(n)sult
, loa(d), (l)ocate or (e)dit[] 
 []


Overfull \hbox (35.59702pt too wide) in paragraph at lines 32--32
[]        \OT1/cmtt/m/n/9 o   : do not translate Args; e.g. very=nice=tara not 
to very(nice(tara)),[] 
 []


Overfull \hbox (87.57141pt too wide) in paragraph at lines 32--32
[]        \OT1/cmtt/m/n/9 w/1 : when finished do: ring 'bell' wait for 'input',
 'both' of the above, or *none*[] 
 []


Overfull \hbox (26.14713pt too wide) in paragraph at lines 32--32
[]\OT1/cmtt/m/n/9 For scripts add the following lines to the source and do chmo
d u+x <Program>.pl[] 
 []

)
Underfull \hbox (badness 10000) in paragraph at lines 344--359

 []


Underfull \hbox (badness 10000) in paragraph at lines 344--359

 []

[6]
Underfull \vbox (badness 10000) has occurred while \output is active []

 [7]
[8] [9]
Underfull \hbox (badness 10000) in paragraph at lines 489--503

 []

(./figs/lookup.tex) [10]
Underfull \hbox (badness 10000) in paragraph at lines 557--569
\OT1/cmtt/m/n/10 \$HOME / bin / cline _ upsh / Lookup . pl$\OT1/cmr/m/n/10 . Th
e file should de-fine pred-i-cate
 []

[11]
Overfull \hbox (7.19336pt too wide) in paragraph at lines 646--654
\OT1/cmr/m/n/10 GNU Pro-log. Upsh is avail-able from $\OT1/cmtt/m/n/10 http : /
 / www . cs . york . ac . uk / []nicos / sware /
 []

[12] (./upsh-manual.bbl
Underfull \hbox (badness 3049) in paragraph at lines 16--19
[]\OT1/cmr/m/n/9 SICStus 3.11.1 (2004).  \OT1/cmr/m/it/9 SIC-S-tus 3.11.1. User
 Man-ual\OT1/cmr/m/n/9 .
 []

) [13] (./upsh-manual.aux)

LaTeX Font Warning: Some font shapes were not available, defaults substituted.

 ) 
Here is how much of TeX's memory you used:
 1219 strings out of 494986
 14937 string characters out of 1181057
 74202 words of memory out of 3000000
 4402 multiletter control sequences out of 15000+50000
 12915 words of font info for 45 fonts, out of 3000000 for 9000
 73 hyphenation exceptions out of 8191
 29i,8n,21p,217b,317s stack positions out of 5000i,500n,10000p,200000b,50000s

Output written on upsh-manual.dvi (13 pages, 40436 bytes).
